2025-08-17 17:22:35 INFO  [background-preinit] o.h.validator.internal.util.Version - HV000001: Hibernate Validator 8.0.2.Final
2025-08-17 17:22:35 INFO  [main] d.t.g.GardenStoreApplication - Starting GardenStoreApplication using Java 21.0.7 with PID 36889 (/Users/nkond/IdeaProjects/gardenStore/target/classes started by nkond in /Users/nkond/IdeaProjects/gardenStore)
2025-08-17 17:22:35 INFO  [main] d.t.g.GardenStoreApplication - No active profile set, falling back to 1 default profile: "default"
2025-08-17 17:22:35 DEBUG [main] o.s.c.a.ClassPathBeanDefinitionScanner - Identified candidate component class: file [/Users/nkond/IdeaProjects/gardenStore/target/classes/de/telran/gardenStore/aop/LoggingAspect.class]
2025-08-17 17:22:35 DEBUG [main] o.s.c.a.ClassPathBeanDefinitionScanner - Identified candidate component class: file [/Users/nkond/IdeaProjects/gardenStore/target/classes/de/telran/gardenStore/configuration/SecurityConfig.class]
2025-08-17 17:22:35 DEBUG [main] o.s.c.a.ClassPathBeanDefinitionScanner - Identified candidate component class: file [/Users/nkond/IdeaProjects/gardenStore/target/classes/de/telran/gardenStore/configuration/StoreConfig.class]
2025-08-17 17:22:35 DEBUG [main] o.s.c.a.ClassPathBeanDefinitionScanner - Identified candidate component class: file [/Users/nkond/IdeaProjects/gardenStore/target/classes/de/telran/gardenStore/controller/CartControllerImpl.class]
2025-08-17 17:22:35 DEBUG [main] o.s.c.a.ClassPathBeanDefinitionScanner - Identified candidate component class: file [/Users/nkond/IdeaProjects/gardenStore/target/classes/de/telran/gardenStore/controller/CategoryControllerImpl.class]
2025-08-17 17:22:35 DEBUG [main] o.s.c.a.ClassPathBeanDefinitionScanner - Identified candidate component class: file [/Users/nkond/IdeaProjects/gardenStore/target/classes/de/telran/gardenStore/controller/FavoriteControllerImpl.class]
2025-08-17 17:22:35 DEBUG [main] o.s.c.a.ClassPathBeanDefinitionScanner - Identified candidate component class: file [/Users/nkond/IdeaProjects/gardenStore/target/classes/de/telran/gardenStore/controller/OrderControllerImpl.class]
2025-08-17 17:22:35 DEBUG [main] o.s.c.a.ClassPathBeanDefinitionScanner - Identified candidate component class: file [/Users/nkond/IdeaProjects/gardenStore/target/classes/de/telran/gardenStore/controller/PaymentControllerImpl.class]
2025-08-17 17:22:35 DEBUG [main] o.s.c.a.ClassPathBeanDefinitionScanner - Identified candidate component class: file [/Users/nkond/IdeaProjects/gardenStore/target/classes/de/telran/gardenStore/controller/ProductControllerImpl.class]
2025-08-17 17:22:35 DEBUG [main] o.s.c.a.ClassPathBeanDefinitionScanner - Identified candidate component class: file [/Users/nkond/IdeaProjects/gardenStore/target/classes/de/telran/gardenStore/controller/ReportControllerImpl.class]
2025-08-17 17:22:35 DEBUG [main] o.s.c.a.ClassPathBeanDefinitionScanner - Identified candidate component class: file [/Users/nkond/IdeaProjects/gardenStore/target/classes/de/telran/gardenStore/controller/UserControllerImpl.class]
2025-08-17 17:22:35 DEBUG [main] o.s.c.a.ClassPathBeanDefinitionScanner - Identified candidate component class: file [/Users/nkond/IdeaProjects/gardenStore/target/classes/de/telran/gardenStore/converter/CartConverter.class]
2025-08-17 17:22:35 DEBUG [main] o.s.c.a.ClassPathBeanDefinitionScanner - Identified candidate component class: file [/Users/nkond/IdeaProjects/gardenStore/target/classes/de/telran/gardenStore/converter/CartItemConverter.class]
2025-08-17 17:22:35 DEBUG [main] o.s.c.a.ClassPathBeanDefinitionScanner - Identified candidate component class: file [/Users/nkond/IdeaProjects/gardenStore/target/classes/de/telran/gardenStore/converter/CategoryConverter.class]
2025-08-17 17:22:35 DEBUG [main] o.s.c.a.ClassPathBeanDefinitionScanner - Identified candidate component class: file [/Users/nkond/IdeaProjects/gardenStore/target/classes/de/telran/gardenStore/converter/FavoriteConverter.class]
2025-08-17 17:22:35 DEBUG [main] o.s.c.a.ClassPathBeanDefinitionScanner - Identified candidate component class: file [/Users/nkond/IdeaProjects/gardenStore/target/classes/de/telran/gardenStore/converter/OrderConverter.class]
2025-08-17 17:22:35 DEBUG [main] o.s.c.a.ClassPathBeanDefinitionScanner - Identified candidate component class: file [/Users/nkond/IdeaProjects/gardenStore/target/classes/de/telran/gardenStore/converter/OrderItemConverter.class]
2025-08-17 17:22:35 DEBUG [main] o.s.c.a.ClassPathBeanDefinitionScanner - Identified candidate component class: file [/Users/nkond/IdeaProjects/gardenStore/target/classes/de/telran/gardenStore/converter/ProductConverter.class]
2025-08-17 17:22:35 DEBUG [main] o.s.c.a.ClassPathBeanDefinitionScanner - Identified candidate component class: file [/Users/nkond/IdeaProjects/gardenStore/target/classes/de/telran/gardenStore/converter/UserConverter.class]
2025-08-17 17:22:35 DEBUG [main] o.s.c.a.ClassPathBeanDefinitionScanner - Identified candidate component class: file [/Users/nkond/IdeaProjects/gardenStore/target/classes/de/telran/gardenStore/handler/GlobalExceptionHandler.class]
2025-08-17 17:22:35 DEBUG [main] o.s.c.a.ClassPathBeanDefinitionScanner - Ignored because not a concrete top-level class: file [/Users/nkond/IdeaProjects/gardenStore/target/classes/de/telran/gardenStore/repository/CategoryRepository.class]
2025-08-17 17:22:35 DEBUG [main] o.s.c.a.ClassPathBeanDefinitionScanner - Ignored because not a concrete top-level class: file [/Users/nkond/IdeaProjects/gardenStore/target/classes/de/telran/gardenStore/repository/FavoriteRepository.class]
2025-08-17 17:22:35 DEBUG [main] o.s.c.a.ClassPathBeanDefinitionScanner - Ignored because not a concrete top-level class: file [/Users/nkond/IdeaProjects/gardenStore/target/classes/de/telran/gardenStore/repository/OrderItemRepository.class]
2025-08-17 17:22:35 DEBUG [main] o.s.c.a.ClassPathBeanDefinitionScanner - Ignored because not a concrete top-level class: file [/Users/nkond/IdeaProjects/gardenStore/target/classes/de/telran/gardenStore/repository/OrderRepository.class]
2025-08-17 17:22:35 DEBUG [main] o.s.c.a.ClassPathBeanDefinitionScanner - Ignored because not a concrete top-level class: file [/Users/nkond/IdeaProjects/gardenStore/target/classes/de/telran/gardenStore/repository/ProductRepository.class]
2025-08-17 17:22:35 DEBUG [main] o.s.c.a.ClassPathBeanDefinitionScanner - Ignored because not a concrete top-level class: file [/Users/nkond/IdeaProjects/gardenStore/target/classes/de/telran/gardenStore/repository/UserRepository.class]
2025-08-17 17:22:35 DEBUG [main] o.s.c.a.ClassPathBeanDefinitionScanner - Identified candidate component class: file [/Users/nkond/IdeaProjects/gardenStore/target/classes/de/telran/gardenStore/service/CartServiceImpl.class]
2025-08-17 17:22:35 DEBUG [main] o.s.c.a.ClassPathBeanDefinitionScanner - Identified candidate component class: file [/Users/nkond/IdeaProjects/gardenStore/target/classes/de/telran/gardenStore/service/CategoryServiceImpl.class]
2025-08-17 17:22:35 DEBUG [main] o.s.c.a.ClassPathBeanDefinitionScanner - Identified candidate component class: file [/Users/nkond/IdeaProjects/gardenStore/target/classes/de/telran/gardenStore/service/FavoriteServiceImpl.class]
2025-08-17 17:22:35 DEBUG [main] o.s.c.a.ClassPathBeanDefinitionScanner - Identified candidate component class: file [/Users/nkond/IdeaProjects/gardenStore/target/classes/de/telran/gardenStore/service/OrderItemServiceImpl.class]
2025-08-17 17:22:35 DEBUG [main] o.s.c.a.ClassPathBeanDefinitionScanner - Identified candidate component class: file [/Users/nkond/IdeaProjects/gardenStore/target/classes/de/telran/gardenStore/service/OrderServiceImpl.class]
2025-08-17 17:22:35 DEBUG [main] o.s.c.a.ClassPathBeanDefinitionScanner - Identified candidate component class: file [/Users/nkond/IdeaProjects/gardenStore/target/classes/de/telran/gardenStore/service/PaymentServiceImpl.class]
2025-08-17 17:22:35 DEBUG [main] o.s.c.a.ClassPathBeanDefinitionScanner - Identified candidate component class: file [/Users/nkond/IdeaProjects/gardenStore/target/classes/de/telran/gardenStore/service/ProductServiceImpl.class]
2025-08-17 17:22:35 DEBUG [main] o.s.c.a.ClassPathBeanDefinitionScanner - Identified candidate component class: file [/Users/nkond/IdeaProjects/gardenStore/target/classes/de/telran/gardenStore/service/UserServiceImpl.class]
2025-08-17 17:22:35 DEBUG [main] o.s.c.a.ClassPathBeanDefinitionScanner - Identified candidate component class: file [/Users/nkond/IdeaProjects/gardenStore/target/classes/de/telran/gardenStore/service/report/ReportServiceImpl.class]
2025-08-17 17:22:35 DEBUG [main] o.s.c.a.ClassPathBeanDefinitionScanner - Identified candidate component class: file [/Users/nkond/IdeaProjects/gardenStore/target/classes/de/telran/gardenStore/service/scheduled/ScheduledService.class]
2025-08-17 17:22:35 DEBUG [main] o.s.c.a.ClassPathBeanDefinitionScanner - Identified candidate component class: file [/Users/nkond/IdeaProjects/gardenStore/target/classes/de/telran/gardenStore/service/security/AuthenticationServiceImpl.class]
2025-08-17 17:22:35 DEBUG [main] o.s.c.a.ClassPathBeanDefinitionScanner - Identified candidate component class: file [/Users/nkond/IdeaProjects/gardenStore/target/classes/de/telran/gardenStore/service/security/JwtAuthFilter.class]
2025-08-17 17:22:35 DEBUG [main] o.s.c.a.ClassPathBeanDefinitionScanner - Identified candidate component class: file [/Users/nkond/IdeaProjects/gardenStore/target/classes/de/telran/gardenStore/service/security/JwtServiceImpl.class]
2025-08-17 17:22:35 DEBUG [main] o.s.c.a.ClassPathBeanDefinitionScanner - Identified candidate component class: file [/Users/nkond/IdeaProjects/gardenStore/target/classes/de/telran/gardenStore/service/security/UserDetailServiceImpl.class]
2025-08-17 17:22:35 DEBUG [main] o.s.c.a.ClassPathBeanDefinitionScanner - Identified candidate component class: file [/Users/nkond/IdeaProjects/gardenStore/target/classes/de/telran/gardenStore/utils/ReportMapper.class]
2025-08-17 17:22:36 INFO  [main] o.s.d.r.c.RepositoryConfigurationDelegate - Bootstrapping Spring Data JPA repositories in DEFAULT mode.
2025-08-17 17:22:36 DEBUG [main] o.s.c.a.ClassPathScanningCandidateComponentProvider - Identified candidate component class: file [/Users/nkond/IdeaProjects/gardenStore/target/classes/de/telran/gardenStore/controller/CartControllerImpl.class]
2025-08-17 17:22:36 DEBUG [main] o.s.c.a.ClassPathScanningCandidateComponentProvider - Identified candidate component class: file [/Users/nkond/IdeaProjects/gardenStore/target/classes/de/telran/gardenStore/controller/CategoryControllerImpl.class]
2025-08-17 17:22:36 DEBUG [main] o.s.c.a.ClassPathScanningCandidateComponentProvider - Identified candidate component class: file [/Users/nkond/IdeaProjects/gardenStore/target/classes/de/telran/gardenStore/controller/FavoriteControllerImpl.class]
2025-08-17 17:22:36 DEBUG [main] o.s.c.a.ClassPathScanningCandidateComponentProvider - Identified candidate component class: file [/Users/nkond/IdeaProjects/gardenStore/target/classes/de/telran/gardenStore/controller/OrderControllerImpl.class]
2025-08-17 17:22:36 DEBUG [main] o.s.c.a.ClassPathScanningCandidateComponentProvider - Identified candidate component class: file [/Users/nkond/IdeaProjects/gardenStore/target/classes/de/telran/gardenStore/controller/PaymentControllerImpl.class]
2025-08-17 17:22:36 DEBUG [main] o.s.c.a.ClassPathScanningCandidateComponentProvider - Identified candidate component class: file [/Users/nkond/IdeaProjects/gardenStore/target/classes/de/telran/gardenStore/controller/ProductControllerImpl.class]
2025-08-17 17:22:36 DEBUG [main] o.s.c.a.ClassPathScanningCandidateComponentProvider - Identified candidate component class: file [/Users/nkond/IdeaProjects/gardenStore/target/classes/de/telran/gardenStore/controller/ReportControllerImpl.class]
2025-08-17 17:22:36 DEBUG [main] o.s.c.a.ClassPathScanningCandidateComponentProvider - Identified candidate component class: file [/Users/nkond/IdeaProjects/gardenStore/target/classes/de/telran/gardenStore/controller/UserControllerImpl.class]
2025-08-17 17:22:36 DEBUG [main] o.s.c.a.ClassPathScanningCandidateComponentProvider - Identified candidate component class: file [/Users/nkond/IdeaProjects/gardenStore/target/classes/de/telran/gardenStore/service/CartServiceImpl.class]
2025-08-17 17:22:36 DEBUG [main] o.s.c.a.ClassPathScanningCandidateComponentProvider - Identified candidate component class: file [/Users/nkond/IdeaProjects/gardenStore/target/classes/de/telran/gardenStore/service/CategoryServiceImpl.class]
2025-08-17 17:22:36 DEBUG [main] o.s.c.a.ClassPathScanningCandidateComponentProvider - Identified candidate component class: file [/Users/nkond/IdeaProjects/gardenStore/target/classes/de/telran/gardenStore/service/FavoriteServiceImpl.class]
2025-08-17 17:22:36 DEBUG [main] o.s.c.a.ClassPathScanningCandidateComponentProvider - Identified candidate component class: file [/Users/nkond/IdeaProjects/gardenStore/target/classes/de/telran/gardenStore/service/OrderItemServiceImpl.class]
2025-08-17 17:22:36 DEBUG [main] o.s.c.a.ClassPathScanningCandidateComponentProvider - Identified candidate component class: file [/Users/nkond/IdeaProjects/gardenStore/target/classes/de/telran/gardenStore/service/OrderServiceImpl.class]
2025-08-17 17:22:36 DEBUG [main] o.s.c.a.ClassPathScanningCandidateComponentProvider - Identified candidate component class: file [/Users/nkond/IdeaProjects/gardenStore/target/classes/de/telran/gardenStore/service/PaymentServiceImpl.class]
2025-08-17 17:22:36 DEBUG [main] o.s.c.a.ClassPathScanningCandidateComponentProvider - Identified candidate component class: file [/Users/nkond/IdeaProjects/gardenStore/target/classes/de/telran/gardenStore/service/ProductServiceImpl.class]
2025-08-17 17:22:36 DEBUG [main] o.s.c.a.ClassPathScanningCandidateComponentProvider - Identified candidate component class: file [/Users/nkond/IdeaProjects/gardenStore/target/classes/de/telran/gardenStore/service/UserServiceImpl.class]
2025-08-17 17:22:36 DEBUG [main] o.s.c.a.ClassPathScanningCandidateComponentProvider - Identified candidate component class: file [/Users/nkond/IdeaProjects/gardenStore/target/classes/de/telran/gardenStore/service/report/ReportServiceImpl.class]
2025-08-17 17:22:36 DEBUG [main] o.s.c.a.ClassPathScanningCandidateComponentProvider - Identified candidate component class: file [/Users/nkond/IdeaProjects/gardenStore/target/classes/de/telran/gardenStore/service/security/AuthenticationServiceImpl.class]
2025-08-17 17:22:36 DEBUG [main] o.s.c.a.ClassPathScanningCandidateComponentProvider - Identified candidate component class: file [/Users/nkond/IdeaProjects/gardenStore/target/classes/de/telran/gardenStore/service/security/JwtServiceImpl.class]
2025-08-17 17:22:36 DEBUG [main] o.s.c.a.ClassPathScanningCandidateComponentProvider - Identified candidate component class: file [/Users/nkond/IdeaProjects/gardenStore/target/classes/de/telran/gardenStore/service/security/UserDetailServiceImpl.class]
2025-08-17 17:22:36 INFO  [main] o.s.d.r.c.RepositoryConfigurationDelegate - Finished Spring Data repository scanning in 30 ms. Found 7 JPA repository interfaces.
2025-08-17 17:22:36 DEBUG [main] o.s.a.a.a.ReflectiveAspectJAdvisorFactory - Found AspectJ method: public void de.telran.gardenStore.aop.LoggingAspect.logMethodInput(org.aspectj.lang.JoinPoint)
2025-08-17 17:22:36 DEBUG [main] o.s.a.a.a.ReflectiveAspectJAdvisorFactory - Found AspectJ method: public void de.telran.gardenStore.aop.LoggingAspect.logMethodOutput(org.aspectj.lang.JoinPoint,java.lang.Object)
2025-08-17 17:22:36 INFO  [main] o.s.b.w.e.tomcat.TomcatWebServer - Tomcat initialized with port 8082 (http)
2025-08-17 17:22:36 INFO  [main] o.a.coyote.http11.Http11NioProtocol - Initializing ProtocolHandler ["http-nio-8082"]
2025-08-17 17:22:36 INFO  [main] o.a.catalina.core.StandardService - Starting service [Tomcat]
2025-08-17 17:22:36 INFO  [main] o.a.catalina.core.StandardEngine - Starting Servlet engine: [Apache Tomcat/10.1.42]
2025-08-17 17:22:36 INFO  [main] o.a.c.c.C.[Tomcat].[localhost].[/] - Initializing Spring embedded WebApplicationContext
2025-08-17 17:22:36 INFO  [main] o.s.b.w.s.c.ServletWebServerApplicationContext - Root WebApplicationContext: initialization completed in 796 ms
2025-08-17 17:22:36 INFO  [main] com.zaxxer.hikari.HikariDataSource - HikariPool-1 - Starting...
2025-08-17 17:22:36 INFO  [main] com.zaxxer.hikari.pool.HikariPool - HikariPool-1 - Added connection org.postgresql.jdbc.PgConnection@67a0ff25
2025-08-17 17:22:36 INFO  [main] com.zaxxer.hikari.HikariDataSource - HikariPool-1 - Start completed.
2025-08-17 17:22:36 INFO  [main] liquibase.database - Set default schema name to public
2025-08-17 17:22:37 INFO  [main] liquibase.changelog - Creating database history table with name: public.databasechangelog
2025-08-17 17:22:37 INFO  [main] liquibase.changelog - Reading from public.databasechangelog
2025-08-17 17:22:37 INFO  [main] liquibase.snapshot - Creating snapshot
2025-08-17 17:22:37 INFO  [main] liquibase.lockservice - Successfully acquired change log lock
2025-08-17 17:22:37 INFO  [main] liquibase.command - Using deploymentId: 5444156727
2025-08-17 17:22:37 INFO  [main] liquibase.changelog - Reading from public.databasechangelog
2025-08-17 17:22:37 INFO  [main] liquibase.ui - Running Changeset: db/changelog/tables/01-create-tables.xml::01-create-app_users-table::nkond
2025-08-17 17:22:37 INFO  [main] liquibase.changelog - Table app_users created
2025-08-17 17:22:37 INFO  [main] liquibase.changelog - ChangeSet db/changelog/tables/01-create-tables.xml::01-create-app_users-table::nkond ran successfully in 9ms
2025-08-17 17:22:37 INFO  [main] liquibase.ui - Running Changeset: db/changelog/tables/01-create-tables.xml::02-create-categories-table::nkond
2025-08-17 17:22:37 INFO  [main] liquibase.changelog - Table categories created
2025-08-17 17:22:37 INFO  [main] liquibase.changelog - ChangeSet db/changelog/tables/01-create-tables.xml::02-create-categories-table::nkond ran successfully in 3ms
2025-08-17 17:22:37 INFO  [main] liquibase.ui - Running Changeset: db/changelog/tables/01-create-tables.xml::03-create-favorites-table::nkond
2025-08-17 17:22:37 INFO  [main] liquibase.changelog - Table favorites created
2025-08-17 17:22:37 INFO  [main] liquibase.changelog - Unique constraint added to favorites(user_id, product_id)
2025-08-17 17:22:37 INFO  [main] liquibase.changelog - ChangeSet db/changelog/tables/01-create-tables.xml::03-create-favorites-table::nkond ran successfully in 5ms
2025-08-17 17:22:37 INFO  [main] liquibase.ui - Running Changeset: db/changelog/tables/01-create-tables.xml::04-create-products-table::nkond
2025-08-17 17:22:37 INFO  [main] liquibase.changelog - Table products created
2025-08-17 17:22:37 INFO  [main] liquibase.changelog - ChangeSet db/changelog/tables/01-create-tables.xml::04-create-products-table::nkond ran successfully in 6ms
2025-08-17 17:22:37 INFO  [main] liquibase.ui - Running Changeset: db/changelog/tables/01-create-tables.xml::05-create-carts-table::nkond
2025-08-17 17:22:37 INFO  [main] liquibase.changelog - Table carts created
2025-08-17 17:22:37 INFO  [main] liquibase.changelog - ChangeSet db/changelog/tables/01-create-tables.xml::05-create-carts-table::nkond ran successfully in 4ms
2025-08-17 17:22:37 INFO  [main] liquibase.ui - Running Changeset: db/changelog/tables/01-create-tables.xml::06-create-cart_items-table::nkond
2025-08-17 17:22:37 INFO  [main] liquibase.changelog - Table cart_items created
2025-08-17 17:22:37 INFO  [main] liquibase.changelog - ChangeSet db/changelog/tables/01-create-tables.xml::06-create-cart_items-table::nkond ran successfully in 4ms
2025-08-17 17:22:37 INFO  [main] liquibase.ui - Running Changeset: db/changelog/tables/01-create-tables.xml::07-create-orders-table::nkond
2025-08-17 17:22:37 INFO  [main] liquibase.changelog - Table orders created
2025-08-17 17:22:37 INFO  [main] liquibase.changelog - ChangeSet db/changelog/tables/01-create-tables.xml::07-create-orders-table::nkond ran successfully in 6ms
2025-08-17 17:22:37 INFO  [main] liquibase.ui - Running Changeset: db/changelog/tables/01-create-tables.xml::08-create-order_items-table::nkond
2025-08-17 17:22:37 INFO  [main] liquibase.changelog - Table order_items created
2025-08-17 17:22:37 INFO  [main] liquibase.changelog - ChangeSet db/changelog/tables/01-create-tables.xml::08-create-order_items-table::nkond ran successfully in 6ms
2025-08-17 17:22:37 INFO  [main] liquibase.ui - Running Changeset: db/changelog/tables/01-create-tables.xml::09-create-user_roles-table::nkond
2025-08-17 17:22:37 INFO  [main] liquibase.changelog - Table user_roles created
2025-08-17 17:22:37 INFO  [main] liquibase.changelog - ChangeSet db/changelog/tables/01-create-tables.xml::09-create-user_roles-table::nkond ran successfully in 8ms
2025-08-17 17:22:37 INFO  [main] liquibase.ui - Running Changeset: db/changelog/tables/02-add-constraints.xml::10-add-constrains-for-products-table::nkond
2025-08-17 17:22:37 INFO  [main] liquibase.changelog - Foreign key constraint added to products (category_id)
2025-08-17 17:22:37 INFO  [main] liquibase.changelog - ChangeSet db/changelog/tables/02-add-constraints.xml::10-add-constrains-for-products-table::nkond ran successfully in 4ms
2025-08-17 17:22:37 INFO  [main] liquibase.ui - Running Changeset: db/changelog/tables/02-add-constraints.xml::11-add-constrains-for-favorites-table::nkond
2025-08-17 17:22:37 INFO  [main] liquibase.changelog - Foreign key constraint added to favorites (user_id)
2025-08-17 17:22:37 INFO  [main] liquibase.changelog - Foreign key constraint added to favorites (product_id)
2025-08-17 17:22:37 INFO  [main] liquibase.changelog - ChangeSet db/changelog/tables/02-add-constraints.xml::11-add-constrains-for-favorites-table::nkond ran successfully in 3ms
2025-08-17 17:22:37 INFO  [main] liquibase.ui - Running Changeset: db/changelog/tables/02-add-constraints.xml::12-add-constraints-to-app_users-role::nkond
2025-08-17 17:22:37 INFO  [main] liquibase.changelog - Foreign key constraint added to user_roles (user_id)
2025-08-17 17:22:37 INFO  [main] liquibase.changelog - Custom SQL executed
2025-08-17 17:22:37 INFO  [main] liquibase.changelog - ChangeSet db/changelog/tables/02-add-constraints.xml::12-add-constraints-to-app_users-role::nkond ran successfully in 7ms
2025-08-17 17:22:37 INFO  [main] liquibase.ui - Running Changeset: db/changelog/tables/02-add-constraints.xml::13-add-constrains-for-carts-table::nkond
2025-08-17 17:22:37 INFO  [main] liquibase.changelog - Foreign key constraint added to carts (user_id)
2025-08-17 17:22:37 INFO  [main] liquibase.changelog - ChangeSet db/changelog/tables/02-add-constraints.xml::13-add-constrains-for-carts-table::nkond ran successfully in 1ms
2025-08-17 17:22:37 INFO  [main] liquibase.ui - Running Changeset: db/changelog/tables/02-add-constraints.xml::14-add-constrains-for-cart_items-table::nkond
2025-08-17 17:22:37 INFO  [main] liquibase.changelog - Foreign key constraint added to cart_items (cart_id)
2025-08-17 17:22:37 INFO  [main] liquibase.changelog - Foreign key constraint added to cart_items (product_id)
2025-08-17 17:22:37 INFO  [main] liquibase.changelog - ChangeSet db/changelog/tables/02-add-constraints.xml::14-add-constrains-for-cart_items-table::nkond ran successfully in 3ms
2025-08-17 17:22:37 INFO  [main] liquibase.ui - Running Changeset: db/changelog/tables/02-add-constraints.xml::15-add-constrains-for-orders-table::nkond
2025-08-17 17:22:37 INFO  [main] liquibase.changelog - Foreign key constraint added to orders (user_id)
2025-08-17 17:22:37 INFO  [main] liquibase.changelog - Custom SQL executed
2025-08-17 17:22:37 INFO  [main] liquibase.changelog - ChangeSet db/changelog/tables/02-add-constraints.xml::15-add-constrains-for-orders-table::nkond ran successfully in 3ms
2025-08-17 17:22:37 INFO  [main] liquibase.ui - Running Changeset: db/changelog/tables/02-add-constraints.xml::16-add-constrains-for-order_items-table::nkond
2025-08-17 17:22:37 INFO  [main] liquibase.changelog - Foreign key constraint added to order_items (order_id)
2025-08-17 17:22:37 INFO  [main] liquibase.changelog - Foreign key constraint added to order_items (product_id)
2025-08-17 17:22:37 INFO  [main] liquibase.changelog - ChangeSet db/changelog/tables/02-add-constraints.xml::16-add-constrains-for-order_items-table::nkond ran successfully in 3ms
2025-08-17 17:22:37 INFO  [main] liquibase.ui - Running Changeset: db/changelog/tables/02-add-constraints.xml::17-add-unique-constraint-to-cart_items::nkond
2025-08-17 17:22:37 INFO  [main] liquibase.changelog - Unique constraint added to cart_items(cart_id, product_id)
2025-08-17 17:22:37 INFO  [main] liquibase.changelog - ChangeSet db/changelog/tables/02-add-constraints.xml::17-add-unique-constraint-to-cart_items::nkond ran successfully in 1ms
2025-08-17 17:22:37 INFO  [main] liquibase.ui - Running Changeset: db/changelog/tables/02-add-constraints.xml::18-add-unique-constraint-to-order_items::nkond
2025-08-17 17:22:37 INFO  [main] liquibase.changelog - Unique constraint added to order_items(order_id, product_id)
2025-08-17 17:22:37 INFO  [main] liquibase.changelog - ChangeSet db/changelog/tables/02-add-constraints.xml::18-add-unique-constraint-to-order_items::nkond ran successfully in 1ms
2025-08-17 17:22:37 INFO  [main] liquibase.ui - Running Changeset: db/changelog/tables/02-add-constraints.xml::19-add-check-quantity::nkond
2025-08-17 17:22:37 INFO  [main] liquibase.changelog - Custom SQL executed
2025-08-17 17:22:37 INFO  [main] liquibase.changelog - ChangeSet db/changelog/tables/02-add-constraints.xml::19-add-check-quantity::nkond ran successfully in 2ms
2025-08-17 17:22:37 INFO  [main] liquibase.ui - Running Changeset: db/changelog/tables/02-add-constraints.xml::20-add-check-delivery_method::nkond
2025-08-17 17:22:37 INFO  [main] liquibase.changelog - Custom SQL executed
2025-08-17 17:22:37 INFO  [main] liquibase.changelog - ChangeSet db/changelog/tables/02-add-constraints.xml::20-add-check-delivery_method::nkond ran successfully in 1ms
2025-08-17 17:22:37 INFO  [main] liquibase.ui - Running Changeset: db/changelog/data/03-add-data.xml::21-insert-initial-data::nkond
2025-08-17 17:22:37 INFO  [main] liquibase.changelog - New row inserted into app_users
2025-08-17 17:22:37 INFO  [main] liquibase.changelog - New row inserted into app_users
2025-08-17 17:22:37 INFO  [main] liquibase.changelog - New row inserted into app_users
2025-08-17 17:22:37 INFO  [main] liquibase.changelog - New row inserted into app_users
2025-08-17 17:22:37 INFO  [main] liquibase.changelog - New row inserted into user_roles
2025-08-17 17:22:37 INFO  [main] liquibase.changelog - New row inserted into user_roles
2025-08-17 17:22:37 INFO  [main] liquibase.changelog - New row inserted into user_roles
2025-08-17 17:22:37 INFO  [main] liquibase.changelog - New row inserted into user_roles
2025-08-17 17:22:37 INFO  [main] liquibase.changelog - New row inserted into user_roles
2025-08-17 17:22:37 INFO  [main] liquibase.changelog - New row inserted into categories
2025-08-17 17:22:37 INFO  [main] liquibase.changelog - New row inserted into categories
2025-08-17 17:22:37 INFO  [main] liquibase.changelog - New row inserted into categories
2025-08-17 17:22:37 INFO  [main] liquibase.changelog - New row inserted into categories
2025-08-17 17:22:37 INFO  [main] liquibase.changelog - New row inserted into categories
2025-08-17 17:22:37 INFO  [main] liquibase.changelog - New row inserted into products
2025-08-17 17:22:37 INFO  [main] liquibase.changelog - New row inserted into products
2025-08-17 17:22:37 INFO  [main] liquibase.changelog - New row inserted into products
2025-08-17 17:22:37 INFO  [main] liquibase.changelog - New row inserted into products
2025-08-17 17:22:37 INFO  [main] liquibase.changelog - New row inserted into products
2025-08-17 17:22:37 INFO  [main] liquibase.changelog - New row inserted into products
2025-08-17 17:22:37 INFO  [main] liquibase.changelog - New row inserted into products
2025-08-17 17:22:37 INFO  [main] liquibase.changelog - New row inserted into products
2025-08-17 17:22:37 INFO  [main] liquibase.changelog - New row inserted into products
2025-08-17 17:22:37 INFO  [main] liquibase.changelog - New row inserted into products
2025-08-17 17:22:37 INFO  [main] liquibase.changelog - New row inserted into products
2025-08-17 17:22:37 INFO  [main] liquibase.changelog - New row inserted into products
2025-08-17 17:22:37 INFO  [main] liquibase.changelog - New row inserted into products
2025-08-17 17:22:37 INFO  [main] liquibase.changelog - New row inserted into products
2025-08-17 17:22:37 INFO  [main] liquibase.changelog - New row inserted into products
2025-08-17 17:22:37 INFO  [main] liquibase.changelog - New row inserted into favorites
2025-08-17 17:22:37 INFO  [main] liquibase.changelog - New row inserted into favorites
2025-08-17 17:22:37 INFO  [main] liquibase.changelog - New row inserted into favorites
2025-08-17 17:22:37 INFO  [main] liquibase.changelog - New row inserted into favorites
2025-08-17 17:22:37 INFO  [main] liquibase.changelog - New row inserted into favorites
2025-08-17 17:22:37 INFO  [main] liquibase.changelog - New row inserted into favorites
2025-08-17 17:22:37 INFO  [main] liquibase.changelog - New row inserted into favorites
2025-08-17 17:22:37 INFO  [main] liquibase.changelog - New row inserted into carts
2025-08-17 17:22:37 INFO  [main] liquibase.changelog - New row inserted into carts
2025-08-17 17:22:37 INFO  [main] liquibase.changelog - New row inserted into carts
2025-08-17 17:22:37 INFO  [main] liquibase.changelog - New row inserted into carts
2025-08-17 17:22:37 INFO  [main] liquibase.changelog - New row inserted into cart_items
2025-08-17 17:22:37 INFO  [main] liquibase.changelog - New row inserted into cart_items
2025-08-17 17:22:37 INFO  [main] liquibase.changelog - New row inserted into cart_items
2025-08-17 17:22:37 INFO  [main] liquibase.changelog - New row inserted into cart_items
2025-08-17 17:22:37 INFO  [main] liquibase.changelog - New row inserted into cart_items
2025-08-17 17:22:37 INFO  [main] liquibase.changelog - New row inserted into orders
2025-08-17 17:22:37 INFO  [main] liquibase.changelog - New row inserted into orders
2025-08-17 17:22:37 INFO  [main] liquibase.changelog - New row inserted into orders
2025-08-17 17:22:37 INFO  [main] liquibase.changelog - New row inserted into orders
2025-08-17 17:22:37 INFO  [main] liquibase.changelog - New row inserted into orders
2025-08-17 17:22:37 INFO  [main] liquibase.changelog - New row inserted into orders
2025-08-17 17:22:37 INFO  [main] liquibase.changelog - New row inserted into orders
2025-08-17 17:22:37 INFO  [main] liquibase.changelog - New row inserted into orders
2025-08-17 17:22:37 INFO  [main] liquibase.changelog - New row inserted into orders
2025-08-17 17:22:37 INFO  [main] liquibase.changelog - New row inserted into orders
2025-08-17 17:22:37 INFO  [main] liquibase.changelog - New row inserted into orders
2025-08-17 17:22:37 INFO  [main] liquibase.changelog - New row inserted into orders
2025-08-17 17:22:37 INFO  [main] liquibase.changelog - New row inserted into orders
2025-08-17 17:22:37 INFO  [main] liquibase.changelog - New row inserted into orders
2025-08-17 17:22:37 INFO  [main] liquibase.changelog - New row inserted into orders
2025-08-17 17:22:37 INFO  [main] liquibase.changelog - New row inserted into orders
2025-08-17 17:22:37 INFO  [main] liquibase.changelog - New row inserted into orders
2025-08-17 17:22:37 INFO  [main] liquibase.changelog - New row inserted into orders
2025-08-17 17:22:37 INFO  [main] liquibase.changelog - New row inserted into orders
2025-08-17 17:22:37 INFO  [main] liquibase.changelog - New row inserted into orders
2025-08-17 17:22:37 INFO  [main] liquibase.changelog - New row inserted into order_items
2025-08-17 17:22:37 INFO  [main] liquibase.changelog - New row inserted into order_items
2025-08-17 17:22:37 INFO  [main] liquibase.changelog - New row inserted into order_items
2025-08-17 17:22:37 INFO  [main] liquibase.changelog - New row inserted into order_items
2025-08-17 17:22:37 INFO  [main] liquibase.changelog - New row inserted into order_items
2025-08-17 17:22:37 INFO  [main] liquibase.changelog - New row inserted into order_items
2025-08-17 17:22:37 INFO  [main] liquibase.changelog - New row inserted into order_items
2025-08-17 17:22:37 INFO  [main] liquibase.changelog - New row inserted into order_items
2025-08-17 17:22:37 INFO  [main] liquibase.changelog - New row inserted into order_items
2025-08-17 17:22:37 INFO  [main] liquibase.changelog - New row inserted into order_items
2025-08-17 17:22:37 INFO  [main] liquibase.changelog - New row inserted into order_items
2025-08-17 17:22:37 INFO  [main] liquibase.changelog - New row inserted into order_items
2025-08-17 17:22:37 INFO  [main] liquibase.changelog - New row inserted into order_items
2025-08-17 17:22:37 INFO  [main] liquibase.changelog - New row inserted into order_items
2025-08-17 17:22:37 INFO  [main] liquibase.changelog - New row inserted into order_items
2025-08-17 17:22:37 INFO  [main] liquibase.changelog - New row inserted into order_items
2025-08-17 17:22:37 INFO  [main] liquibase.changelog - New row inserted into order_items
2025-08-17 17:22:37 INFO  [main] liquibase.changelog - New row inserted into order_items
2025-08-17 17:22:37 INFO  [main] liquibase.changelog - New row inserted into order_items
2025-08-17 17:22:37 INFO  [main] liquibase.changelog - New row inserted into order_items
2025-08-17 17:22:37 INFO  [main] liquibase.changelog - New row inserted into order_items
2025-08-17 17:22:37 INFO  [main] liquibase.changelog - New row inserted into order_items
2025-08-17 17:22:37 INFO  [main] liquibase.changelog - New row inserted into order_items
2025-08-17 17:22:37 INFO  [main] liquibase.changelog - New row inserted into order_items
2025-08-17 17:22:37 INFO  [main] liquibase.changelog - New row inserted into order_items
2025-08-17 17:22:37 INFO  [main] liquibase.changelog - New row inserted into order_items
2025-08-17 17:22:37 INFO  [main] liquibase.changelog - New row inserted into order_items
2025-08-17 17:22:37 INFO  [main] liquibase.changelog - New row inserted into order_items
2025-08-17 17:22:37 INFO  [main] liquibase.changelog - New row inserted into order_items
2025-08-17 17:22:37 INFO  [main] liquibase.changelog - New row inserted into order_items
2025-08-17 17:22:37 INFO  [main] liquibase.changelog - New row inserted into order_items
2025-08-17 17:22:37 INFO  [main] liquibase.changelog - New row inserted into order_items
2025-08-17 17:22:37 INFO  [main] liquibase.changelog - New row inserted into order_items
2025-08-17 17:22:37 INFO  [main] liquibase.changelog - New row inserted into order_items
2025-08-17 17:22:37 INFO  [main] liquibase.changelog - New row inserted into order_items
2025-08-17 17:22:37 INFO  [main] liquibase.changelog - New row inserted into order_items
2025-08-17 17:22:37 INFO  [main] liquibase.changelog - New row inserted into order_items
2025-08-17 17:22:37 INFO  [main] liquibase.changelog - New row inserted into order_items
2025-08-17 17:22:37 INFO  [main] liquibase.changelog - New row inserted into order_items
2025-08-17 17:22:37 INFO  [main] liquibase.changelog - New row inserted into order_items
2025-08-17 17:22:37 INFO  [main] liquibase.changelog - New row inserted into order_items
2025-08-17 17:22:37 INFO  [main] liquibase.changelog - New row inserted into order_items
2025-08-17 17:22:37 INFO  [main] liquibase.changelog - New row inserted into order_items
2025-08-17 17:22:37 INFO  [main] liquibase.changelog - New row inserted into order_items
2025-08-17 17:22:37 INFO  [main] liquibase.changelog - New row inserted into order_items
2025-08-17 17:22:37 INFO  [main] liquibase.changelog - ChangeSet db/changelog/data/03-add-data.xml::21-insert-initial-data::nkond ran successfully in 58ms
2025-08-17 17:22:37 INFO  [main] liquibase.util - UPDATE SUMMARY
2025-08-17 17:22:37 INFO  [main] liquibase.util - Run:                         21
2025-08-17 17:22:37 INFO  [main] liquibase.util - Previously run:               0
2025-08-17 17:22:37 INFO  [main] liquibase.util - Filtered out:                 0
2025-08-17 17:22:37 INFO  [main] liquibase.util - -------------------------------
2025-08-17 17:22:37 INFO  [main] liquibase.util - Total change sets:           21
2025-08-17 17:22:37 INFO  [main] liquibase.util - Update summary generated
2025-08-17 17:22:37 INFO  [main] liquibase.command - Update command completed successfully.
2025-08-17 17:22:37 INFO  [main] liquibase.ui - Liquibase: Update has been successful. Rows affected: 131
2025-08-17 17:22:37 INFO  [main] liquibase.lockservice - Successfully released change log lock
2025-08-17 17:22:37 INFO  [main] liquibase.command - Command execution complete
2025-08-17 17:22:37 INFO  [main] o.h.jpa.internal.util.LogHelper - HHH000204: Processing PersistenceUnitInfo [name: default]
2025-08-17 17:22:37 INFO  [main] org.hibernate.Version - HHH000412: Hibernate ORM core version 6.6.18.Final
2025-08-17 17:22:37 INFO  [main] o.h.c.i.RegionFactoryInitiator - HHH000026: Second-level cache disabled
2025-08-17 17:22:38 INFO  [main] o.s.o.j.p.SpringPersistenceUnitInfo - No LoadTimeWeaver setup: ignoring JPA class transformer
2025-08-17 17:22:38 WARN  [main] org.hibernate.orm.deprecation - HHH90000025: PostgreSQLDialect does not need to be specified explicitly using 'hibernate.dialect' (remove the property setting and it will be selected by default)
2025-08-17 17:22:38 INFO  [main] o.hibernate.orm.connections.pooling - HHH10001005: Database info:
	Database JDBC URL [Connecting through datasource 'HikariDataSource (HikariPool-1)']
	Database driver: undefined/unknown
	Database version: 17.5
	Autocommit mode: undefined/unknown
	Isolation level: undefined/unknown
	Minimum pool size: undefined/unknown
	Maximum pool size: undefined/unknown
2025-08-17 17:22:38 INFO  [main] o.h.e.t.j.p.i.JtaPlatformInitiator - HHH000489: No JTA platform available (set 'hibernate.transaction.jta.platform' to enable JTA platform integration)
2025-08-17 17:22:38 INFO  [main] o.s.o.j.LocalContainerEntityManagerFactoryBean - Initialized JPA EntityManagerFactory for persistence unit 'default'
2025-08-17 17:22:38 INFO  [main] o.s.d.j.r.query.QueryEnhancerFactory - Hibernate is in classpath; If applicable, HQL parser will be used.
2025-08-17 17:22:38 DEBUG [main] d.t.g.service.security.JwtAuthFilter - Filter 'jwtAuthFilter' configured for use
2025-08-17 17:22:39 INFO  [main] o.s.s.c.a.a.c.InitializeUserDetailsBeanManagerConfigurer$InitializeUserDetailsManagerConfigurer - Global AuthenticationManager configured with UserDetailsService bean with name userDetailServiceImpl
2025-08-17 17:22:39 WARN  [main] o.s.b.a.o.j.JpaBaseConfiguration$JpaWebConfiguration - spring.jpa.open-in-view is enabled by default. Therefore, database queries may be performed during view rendering. Explicitly configure spring.jpa.open-in-view to disable this warning
2025-08-17 17:22:39 DEBUG [main] o.s.c.s.DefaultLifecycleProcessor - Starting beans in phase -2147483647
2025-08-17 17:22:39 DEBUG [main] o.s.c.s.DefaultLifecycleProcessor - Successfully started bean 'springBootLoggingLifecycle'
2025-08-17 17:22:39 DEBUG [main] o.s.c.s.DefaultLifecycleProcessor - Starting beans in phase 1073741823
2025-08-17 17:22:39 DEBUG [main] o.s.c.s.DefaultLifecycleProcessor - Starting beans in phase 2147481599
2025-08-17 17:22:39 INFO  [main] o.a.coyote.http11.Http11NioProtocol - Starting ProtocolHandler ["http-nio-8082"]
2025-08-17 17:22:39 INFO  [main] o.s.b.w.e.tomcat.TomcatWebServer - Tomcat started on port 8082 (http) with context path '/'
2025-08-17 17:22:39 DEBUG [main] o.s.c.s.DefaultLifecycleProcessor - Successfully started bean 'webServerStartStop'
2025-08-17 17:22:39 DEBUG [main] o.s.c.s.DefaultLifecycleProcessor - Starting beans in phase 2147482623
2025-08-17 17:22:39 DEBUG [main] o.s.c.s.DefaultLifecycleProcessor - Successfully started bean 'webServerGracefulShutdown'
2025-08-17 17:22:39 INFO  [main] d.t.g.GardenStoreApplication - Started GardenStoreApplication in 4.019 seconds (process running for 4.331)
2025-08-17 17:23:33 INFO  [http-nio-8082-exec-1] o.a.c.c.C.[Tomcat].[localhost].[/] - Initializing Spring DispatcherServlet 'dispatcherServlet'
2025-08-17 17:23:33 INFO  [http-nio-8082-exec-1] o.s.web.servlet.DispatcherServlet - Initializing Servlet 'dispatcherServlet'
2025-08-17 17:23:33 INFO  [http-nio-8082-exec-1] o.s.web.servlet.DispatcherServlet - Completed initialization in 2 ms
2025-08-17 17:23:33 DEBUG [http-nio-8082-exec-9] o.s.c.a.ClassPathScanningCandidateComponentProvider - Identified candidate component class: file [/Users/nkond/IdeaProjects/gardenStore/target/classes/de/telran/gardenStore/configuration/OpenApiConfig.class]
2025-08-17 17:23:33 DEBUG [http-nio-8082-exec-9] o.s.c.a.ClassPathScanningCandidateComponentProvider - Identified candidate component class: file [/Users/nkond/IdeaProjects/gardenStore/target/classes/de/telran/gardenStore/configuration/OpenApiConfig.class]
2025-08-17 17:23:33 INFO  [http-nio-8082-exec-9] o.s.api.AbstractOpenApiResource - Init duration for springdoc-openapi is: 315 ms
2025-08-17 17:23:55 INFO  [http-nio-8082-exec-8] d.t.g.s.security.JwtServiceImpl - claims {sub=alice.johnson@example.com, iat=1755444225, exp=1755447825, name=Alice Johnson, userId=1, roles=[ROLE_ADMIN, ROLE_USER]}
2025-08-17 17:24:10 DEBUG [SpringApplicationShutdownHook] o.s.c.s.DefaultLifecycleProcessor - Stopping beans in phase 2147482623
2025-08-17 17:24:10 INFO  [SpringApplicationShutdownHook] o.s.b.w.e.tomcat.GracefulShutdown - Commencing graceful shutdown. Waiting for active requests to complete
2025-08-17 17:24:10 INFO  [tomcat-shutdown] o.s.b.w.e.tomcat.GracefulShutdown - Graceful shutdown complete
2025-08-17 17:24:10 DEBUG [SpringApplicationShutdownHook] o.s.c.s.DefaultLifecycleProcessor - Stopping beans in phase 2147481599
2025-08-17 17:24:10 DEBUG [tomcat-shutdown] o.s.c.s.DefaultLifecycleProcessor - Bean 'webServerGracefulShutdown' completed its stop procedure
2025-08-17 17:24:10 DEBUG [SpringApplicationShutdownHook] o.s.c.s.DefaultLifecycleProcessor - Bean 'webServerStartStop' completed its stop procedure
2025-08-17 17:24:10 DEBUG [SpringApplicationShutdownHook] o.s.c.s.DefaultLifecycleProcessor - Stopping beans in phase 1073741823
2025-08-17 17:24:10 DEBUG [SpringApplicationShutdownHook] o.s.c.s.DefaultLifecycleProcessor - Bean 'applicationTaskExecutor' completed its stop procedure
2025-08-17 17:24:10 DEBUG [SpringApplicationShutdownHook] o.s.c.s.DefaultLifecycleProcessor - Bean 'taskScheduler' completed its stop procedure
2025-08-17 17:24:10 DEBUG [SpringApplicationShutdownHook] o.s.c.s.DefaultLifecycleProcessor - Stopping beans in phase -2147483647
2025-08-17 17:24:10 DEBUG [SpringApplicationShutdownHook] o.s.c.s.DefaultLifecycleProcessor - Bean 'springBootLoggingLifecycle' completed its stop procedure
2025-08-17 17:24:10 INFO  [SpringApplicationShutdownHook] o.s.o.j.LocalContainerEntityManagerFactoryBean - Closing JPA EntityManagerFactory for persistence unit 'default'
2025-08-17 17:24:10 INFO  [SpringApplicationShutdownHook] com.zaxxer.hikari.HikariDataSource - HikariPool-1 - Shutdown initiated...
2025-08-17 17:24:10 INFO  [SpringApplicationShutdownHook] com.zaxxer.hikari.HikariDataSource - HikariPool-1 - Shutdown completed.
2025-08-17 17:25:09 INFO  [background-preinit] o.h.validator.internal.util.Version - HV000001: Hibernate Validator 8.0.2.Final
2025-08-17 17:25:09 INFO  [main] d.t.g.GardenStoreApplication - Starting GardenStoreApplication using Java 21.0.7 with PID 36955 (/Users/nkond/IdeaProjects/gardenStore/target/classes started by nkond in /Users/nkond/IdeaProjects/gardenStore)
2025-08-17 17:25:09 INFO  [main] d.t.g.GardenStoreApplication - No active profile set, falling back to 1 default profile: "default"
2025-08-17 17:25:09 INFO  [main] o.s.d.r.c.RepositoryConfigurationDelegate - Bootstrapping Spring Data JPA repositories in DEFAULT mode.
2025-08-17 17:25:09 INFO  [main] o.s.d.r.c.RepositoryConfigurationDelegate - Finished Spring Data repository scanning in 27 ms. Found 7 JPA repository interfaces.
2025-08-17 17:25:10 INFO  [main] o.s.b.w.e.tomcat.TomcatWebServer - Tomcat initialized with port 8082 (http)
2025-08-17 17:25:10 INFO  [main] o.a.coyote.http11.Http11NioProtocol - Initializing ProtocolHandler ["http-nio-8082"]
2025-08-17 17:25:10 INFO  [main] o.a.catalina.core.StandardService - Starting service [Tomcat]
2025-08-17 17:25:10 INFO  [main] o.a.catalina.core.StandardEngine - Starting Servlet engine: [Apache Tomcat/10.1.42]
2025-08-17 17:25:10 INFO  [main] o.a.c.c.C.[Tomcat].[localhost].[/] - Initializing Spring embedded WebApplicationContext
2025-08-17 17:25:10 INFO  [main] o.s.b.w.s.c.ServletWebServerApplicationContext - Root WebApplicationContext: initialization completed in 717 ms
2025-08-17 17:25:10 INFO  [main] com.zaxxer.hikari.HikariDataSource - HikariPool-1 - Starting...
2025-08-17 17:25:10 INFO  [main] com.zaxxer.hikari.pool.HikariPool - HikariPool-1 - Added connection org.postgresql.jdbc.PgConnection@3d235635
2025-08-17 17:25:10 INFO  [main] com.zaxxer.hikari.HikariDataSource - HikariPool-1 - Start completed.
2025-08-17 17:25:10 INFO  [main] liquibase.database - Set default schema name to public
2025-08-17 17:25:10 INFO  [main] liquibase.changelog - Reading from public.databasechangelog
2025-08-17 17:25:10 INFO  [main] liquibase.ui - Database is up to date, no changesets to execute
2025-08-17 17:25:10 INFO  [main] liquibase.changelog - Reading from public.databasechangelog
2025-08-17 17:25:10 INFO  [main] liquibase.util - UPDATE SUMMARY
2025-08-17 17:25:10 INFO  [main] liquibase.util - Run:                          0
2025-08-17 17:25:10 INFO  [main] liquibase.util - Previously run:              21
2025-08-17 17:25:10 INFO  [main] liquibase.util - Filtered out:                 0
2025-08-17 17:25:10 INFO  [main] liquibase.util - -------------------------------
2025-08-17 17:25:10 INFO  [main] liquibase.util - Total change sets:           21
2025-08-17 17:25:10 INFO  [main] liquibase.util - Update summary generated
2025-08-17 17:25:10 INFO  [main] liquibase.command - Command execution complete
2025-08-17 17:25:11 INFO  [main] o.h.jpa.internal.util.LogHelper - HHH000204: Processing PersistenceUnitInfo [name: default]
2025-08-17 17:25:11 INFO  [main] org.hibernate.Version - HHH000412: Hibernate ORM core version 6.6.18.Final
2025-08-17 17:25:11 INFO  [main] o.h.c.i.RegionFactoryInitiator - HHH000026: Second-level cache disabled
2025-08-17 17:25:11 INFO  [main] o.s.o.j.p.SpringPersistenceUnitInfo - No LoadTimeWeaver setup: ignoring JPA class transformer
2025-08-17 17:25:11 WARN  [main] org.hibernate.orm.deprecation - HHH90000025: PostgreSQLDialect does not need to be specified explicitly using 'hibernate.dialect' (remove the property setting and it will be selected by default)
2025-08-17 17:25:11 INFO  [main] o.hibernate.orm.connections.pooling - HHH10001005: Database info:
	Database JDBC URL [Connecting through datasource 'HikariDataSource (HikariPool-1)']
	Database driver: undefined/unknown
	Database version: 17.5
	Autocommit mode: undefined/unknown
	Isolation level: undefined/unknown
	Minimum pool size: undefined/unknown
	Maximum pool size: undefined/unknown
2025-08-17 17:25:11 INFO  [main] o.h.e.t.j.p.i.JtaPlatformInitiator - HHH000489: No JTA platform available (set 'hibernate.transaction.jta.platform' to enable JTA platform integration)
2025-08-17 17:25:11 INFO  [main] o.s.o.j.LocalContainerEntityManagerFactoryBean - Initialized JPA EntityManagerFactory for persistence unit 'default'
2025-08-17 17:25:11 INFO  [main] o.s.d.j.r.query.QueryEnhancerFactory - Hibernate is in classpath; If applicable, HQL parser will be used.
2025-08-17 17:25:11 DEBUG [main] d.t.g.service.security.JwtAuthFilter - Filter 'jwtAuthFilter' configured for use
2025-08-17 17:25:12 INFO  [main] o.s.s.c.a.a.c.InitializeUserDetailsBeanManagerConfigurer$InitializeUserDetailsManagerConfigurer - Global AuthenticationManager configured with UserDetailsService bean with name userDetailServiceImpl
2025-08-17 17:25:12 WARN  [main] o.s.b.a.o.j.JpaBaseConfiguration$JpaWebConfiguration - spring.jpa.open-in-view is enabled by default. Therefore, database queries may be performed during view rendering. Explicitly configure spring.jpa.open-in-view to disable this warning
2025-08-17 17:25:12 INFO  [main] o.a.coyote.http11.Http11NioProtocol - Starting ProtocolHandler ["http-nio-8082"]
2025-08-17 17:25:12 INFO  [main] o.s.b.w.e.tomcat.TomcatWebServer - Tomcat started on port 8082 (http) with context path '/'
2025-08-17 17:25:12 INFO  [main] d.t.g.GardenStoreApplication - Started GardenStoreApplication in 3.526 seconds (process running for 3.799)
2025-08-17 17:25:33 INFO  [http-nio-8082-exec-1] o.a.c.c.C.[Tomcat].[localhost].[/] - Initializing Spring DispatcherServlet 'dispatcherServlet'
2025-08-17 17:25:33 INFO  [http-nio-8082-exec-1] o.s.web.servlet.DispatcherServlet - Initializing Servlet 'dispatcherServlet'
2025-08-17 17:25:33 INFO  [http-nio-8082-exec-1] o.s.web.servlet.DispatcherServlet - Completed initialization in 5 ms
2025-08-17 17:25:33 INFO  [http-nio-8082-exec-1] d.t.g.s.security.JwtServiceImpl - claims {sub=alice.johnson@example.com, iat=1755444225, exp=1755447825, name=Alice Johnson, userId=1, roles=[ROLE_ADMIN, ROLE_USER]}
2025-08-17 17:25:38 INFO  [http-nio-8082-exec-3] d.t.g.s.security.JwtServiceImpl - claims {sub=alice.johnson@example.com, iat=1755444225, exp=1755447825, name=Alice Johnson, userId=1, roles=[ROLE_ADMIN, ROLE_USER]}
2025-08-17 17:25:48 INFO  [http-nio-8082-exec-5] d.t.g.s.security.JwtServiceImpl - claims {sub=alice.johnson@example.com, iat=1755444225, exp=1755447825, name=Alice Johnson, userId=1, roles=[ROLE_ADMIN, ROLE_USER]}
2025-08-17 17:25:51 INFO  [http-nio-8082-exec-6] d.t.g.s.security.JwtServiceImpl - claims {sub=alice.johnson@example.com, iat=1755444225, exp=1755447825, name=Alice Johnson, userId=1, roles=[ROLE_ADMIN, ROLE_USER]}
2025-08-17 17:26:06 INFO  [http-nio-8082-exec-8] d.t.g.s.security.JwtServiceImpl - claims {sub=alice.johnson@example.com, iat=1755444225, exp=1755447825, name=Alice Johnson, userId=1, roles=[ROLE_ADMIN, ROLE_USER]}
2025-08-17 17:26:19 INFO  [http-nio-8082-exec-10] d.t.g.s.security.JwtServiceImpl - claims {sub=alice.johnson@example.com, iat=1755444225, exp=1755447825, name=Alice Johnson, userId=1, roles=[ROLE_ADMIN, ROLE_USER]}
2025-08-17 17:29:21 INFO  [SpringApplicationShutdownHook] o.s.b.w.e.tomcat.GracefulShutdown - Commencing graceful shutdown. Waiting for active requests to complete
2025-08-17 17:29:21 INFO  [tomcat-shutdown] o.s.b.w.e.tomcat.GracefulShutdown - Graceful shutdown complete
2025-08-17 17:29:22 INFO  [SpringApplicationShutdownHook] o.s.o.j.LocalContainerEntityManagerFactoryBean - Closing JPA EntityManagerFactory for persistence unit 'default'
2025-08-17 17:29:22 INFO  [SpringApplicationShutdownHook] com.zaxxer.hikari.HikariDataSource - HikariPool-1 - Shutdown initiated...
2025-08-17 17:29:22 INFO  [SpringApplicationShutdownHook] com.zaxxer.hikari.HikariDataSource - HikariPool-1 - Shutdown completed.
